This is pdfTeX, Version 3.1415926-2.3-1.40.12 (TeX Live 2011) (format=pdflatex 2011.9.8)  14 MAR 2014 09:56
entering extended mode
 restricted \write18 enabled.
 %&-line parsing enabled.
**forMeeting_2014-03-14.tex
(./forMeeting_2014-03-14.tex
LaTeX2e <2011/06/27>
Babel <v3.8m> and hyphenation patterns for english, dumylang, nohyphenation, ge
rman-x-2011-07-01, ngerman-x-2011-07-01, afrikaans, ancientgreek, ibycus, arabi
c, armenian, basque, bulgarian, catalan, pinyin, coptic, croatian, czech, danis
h, dutch, ukenglish, usenglishmax, esperanto, estonian, ethiopic, farsi, finnis
h, french, galician, german, ngerman, swissgerman, monogreek, greek, hungarian,
 icelandic, assamese, bengali, gujarati, hindi, kannada, malayalam, marathi, or
iya, panjabi, tamil, telugu, indonesian, interlingua, irish, italian, kurmanji,
 lao, latin, latvian, lithuanian, mongolian, mongolianlmc, bokmal, nynorsk, pol
ish, portuguese, romanian, russian, sanskrit, serbian, serbianc, slovak, sloven
ian, spanish, swedish, turkish, turkmen, ukrainian, uppersorbian, welsh, loaded
.

(/afs/cs.wisc.edu/s/texlive-2011/amd64_rhel5/texmf-dist/tex/latex/base/article.
cls
Document Class: article 2007/10/19 v1.4h Standard LaTeX document class

(/afs/cs.wisc.edu/s/texlive-2011/amd64_rhel5/texmf-dist/tex/latex/base/size10.c
lo
File: size10.clo 2007/10/19 v1.4h Standard LaTeX file (size option)
)
\c@part=\count79
\c@section=\count80
\c@subsection=\count81
\c@subsubsection=\count82
\c@paragraph=\count83
\c@subparagraph=\count84
\c@figure=\count85
\c@table=\count86
\abovecaptionskip=\skip41
\belowcaptionskip=\skip42
\bibindent=\dimen102
)
(/afs/cs.wisc.edu/s/texlive-2011/amd64_rhel5/texmf-dist/tex/latex/amsmath/amsma
th.sty
Package: amsmath 2000/07/18 v2.13 AMS math features
\@mathmargin=\skip43

For additional information on amsmath, use the `?' option.

(/afs/cs.wisc.edu/s/texlive-2011/amd64_rhel5/texmf-dist/tex/latex/amsmath/amste
xt.sty
Package: amstext 2000/06/29 v2.01

(/afs/cs.wisc.edu/s/texlive-2011/amd64_rhel5/texmf-dist/tex/latex/amsmath/amsge
n.sty
File: amsgen.sty 1999/11/30 v2.0
\@emptytoks=\toks14
\ex@=\dimen103
))
(/afs/cs.wisc.edu/s/texlive-2011/amd64_rhel5/texmf-dist/tex/latex/amsmath/amsbs
y.sty
Package: amsbsy 1999/11/29 v1.2d
\pmbraise@=\dimen104
)
(/afs/cs.wisc.edu/s/texlive-2011/amd64_rhel5/texmf-dist/tex/latex/amsmath/amsop
n.sty
Package: amsopn 1999/12/14 v2.01 operator names
)
\inf@bad=\count87
LaTeX Info: Redefining \frac on input line 211.
\uproot@=\count88
\leftroot@=\count89
LaTeX Info: Redefining \overline on input line 307.
\classnum@=\count90
\DOTSCASE@=\count91
LaTeX Info: Redefining \ldots on input line 379.
LaTeX Info: Redefining \dots on input line 382.
LaTeX Info: Redefining \cdots on input line 467.
\Mathstrutbox@=\box26
\strutbox@=\box27
\big@size=\dimen105
LaTeX Font Info:    Redeclaring font encoding OML on input line 567.
LaTeX Font Info:    Redeclaring font encoding OMS on input line 568.
\macc@depth=\count92
\c@MaxMatrixCols=\count93
\dotsspace@=\muskip10
\c@parentequation=\count94
\dspbrk@lvl=\count95
\tag@help=\toks15
\row@=\count96
\column@=\count97
\maxfields@=\count98
\andhelp@=\toks16
\eqnshift@=\dimen106
\alignsep@=\dimen107
\tagshift@=\dimen108
\tagwidth@=\dimen109
\totwidth@=\dimen110
\lineht@=\dimen111
\@envbody=\toks17
\multlinegap=\skip44
\multlinetaggap=\skip45
\mathdisplay@stack=\toks18
LaTeX Info: Redefining \[ on input line 2666.
LaTeX Info: Redefining \] on input line 2667.
)
(/afs/cs.wisc.edu/s/texlive-2011/amd64_rhel5/texmf-dist/tex/latex/amscls/amsthm
.sty
Package: amsthm 2009/07/02 v2.20.1
\thm@style=\toks19
\thm@bodyfont=\toks20
\thm@headfont=\toks21
\thm@notefont=\toks22
\thm@headpunct=\toks23
\thm@preskip=\skip46
\thm@postskip=\skip47
\thm@headsep=\skip48
\dth@everypar=\toks24
)
(/afs/cs.wisc.edu/s/texlive-2011/amd64_rhel5/texmf-dist/tex/latex/amsfonts/amss
ymb.sty
Package: amssymb 2009/06/22 v3.00

(/afs/cs.wisc.edu/s/texlive-2011/amd64_rhel5/texmf-dist/tex/latex/amsfonts/amsf
onts.sty
Package: amsfonts 2009/06/22 v3.00 Basic AMSFonts support
\symAMSa=\mathgroup4
\symAMSb=\mathgroup5
LaTeX Font Info:    Overwriting math alphabet `\mathfrak' in version `bold'
(Font)                  U/euf/m/n --> U/euf/b/n on input line 96.
))
(/afs/cs.wisc.edu/s/texlive-2011/amd64_rhel5/texmf-dist/tex/latex/bbold/bbold.s
ty
Package: bbold 1994/04/06 Bbold symbol package
LaTeX Font Info:    Redeclaring math alphabet \mathbb on input line 42.
)
(/afs/cs.wisc.edu/s/texlive-2011/amd64_rhel5/texmf-dist/tex/latex/doublestroke/
dsfont.sty
Package: dsfont 1995/08/01 v0.1 Double stroke roman fonts
)
(/afs/cs.wisc.edu/s/texlive-2011/amd64_rhel5/texmf-dist/tex/latex/tools/enumera
te.sty
Package: enumerate 1999/03/05 v3.00 enumerate extensions (DPC)
\@enLab=\toks25
)
(/afs/cs.wisc.edu/s/texlive-2011/amd64_rhel5/texmf-dist/tex/latex/fancyhdr/fanc
yhdr.sty
\fancy@headwidth=\skip49
\f@ncyO@elh=\skip50
\f@ncyO@erh=\skip51
\f@ncyO@olh=\skip52
\f@ncyO@orh=\skip53
\f@ncyO@elf=\skip54
\f@ncyO@erf=\skip55
\f@ncyO@olf=\skip56
\f@ncyO@orf=\skip57
)
(/afs/cs.wisc.edu/s/texlive-2011/amd64_rhel5/texmf-dist/tex/latex/float/float.s
ty
Package: float 2001/11/08 v1.3d Float enhancements (AL)
\c@float@type=\count99
\float@exts=\toks26
\float@box=\box28
\@float@everytoks=\toks27
\@floatcapt=\box29
)
(/afs/cs.wisc.edu/s/texlive-2011/amd64_rhel5/texmf-dist/tex/latex/preprint/full
page.sty
Package: fullpage 1999/02/23 1.1 (PWD)
\FP@margin=\skip58
)
(/afs/cs.wisc.edu/s/texlive-2011/amd64_rhel5/texmf-dist/tex/latex/geometry/geom
etry.sty
Package: geometry 2010/09/12 v5.6 Page Geometry

(/afs/cs.wisc.edu/s/texlive-2011/amd64_rhel5/texmf-dist/tex/latex/graphics/keyv
al.sty
Package: keyval 1999/03/16 v1.13 key=value parser (DPC)
\KV@toks@=\toks28
)
(/afs/cs.wisc.edu/s/texlive-2011/amd64_rhel5/texmf-dist/tex/generic/oberdiek/if
pdf.sty
Package: ifpdf 2011/01/30 v2.3 Provides the ifpdf switch (HO)
Package ifpdf Info: pdfTeX in PDF mode is detected.
)
(/afs/cs.wisc.edu/s/texlive-2011/amd64_rhel5/texmf-dist/tex/generic/oberdiek/if
vtex.sty
Package: ifvtex 2010/03/01 v1.5 Switches for detecting VTeX and its modes (HO)
Package ifvtex Info: VTeX not detected.
)
(/afs/cs.wisc.edu/s/texlive-2011/amd64_rhel5/texmf-dist/tex/generic/ifxetex/ifx
etex.sty
Package: ifxetex 2010/09/12 v0.6 Provides ifxetex conditional
)
\Gm@cnth=\count100
\Gm@cntv=\count101
\c@Gm@tempcnt=\count102
\Gm@bindingoffset=\dimen112
\Gm@wd@mp=\dimen113
\Gm@odd@mp=\dimen114
\Gm@even@mp=\dimen115
\Gm@layoutwidth=\dimen116
\Gm@layoutheight=\dimen117
\Gm@layouthoffset=\dimen118
\Gm@layoutvoffset=\dimen119
\Gm@dimlist=\toks29
)
(/afs/cs.wisc.edu/s/texlive-2011/amd64_rhel5/texmf-dist/tex/latex/graphics/grap
hicx.sty
Package: graphicx 1999/02/16 v1.0f Enhanced LaTeX Graphics (DPC,SPQR)

(/afs/cs.wisc.edu/s/texlive-2011/amd64_rhel5/texmf-dist/tex/latex/graphics/grap
hics.sty
Package: graphics 2009/02/05 v1.0o Standard LaTeX Graphics (DPC,SPQR)

(/afs/cs.wisc.edu/s/texlive-2011/amd64_rhel5/texmf-dist/tex/latex/graphics/trig
.sty
Package: trig 1999/03/16 v1.09 sin cos tan (DPC)
)
(/afs/cs.wisc.edu/s/texlive-2011/amd64_rhel5/texmf-dist/tex/latex/latexconfig/g
raphics.cfg
File: graphics.cfg 2010/04/23 v1.9 graphics configuration of TeX Live
)
Package graphics Info: Driver file: pdftex.def on input line 91.

(/afs/cs.wisc.edu/s/texlive-2011/amd64_rhel5/texmf-dist/tex/latex/pdftex-def/pd
ftex.def
File: pdftex.def 2011/05/27 v0.06d Graphics/color for pdfTeX

(/afs/cs.wisc.edu/s/texlive-2011/amd64_rhel5/texmf-dist/tex/generic/oberdiek/in
fwarerr.sty
Package: infwarerr 2010/04/08 v1.3 Providing info/warning/message (HO)
)
(/afs/cs.wisc.edu/s/texlive-2011/amd64_rhel5/texmf-dist/tex/generic/oberdiek/lt
xcmds.sty
Package: ltxcmds 2011/04/18 v1.20 LaTeX kernel commands for general use (HO)
)
\Gread@gobject=\count103
))
\Gin@req@height=\dimen120
\Gin@req@width=\dimen121
)
(/afs/cs.wisc.edu/s/texlive-2011/amd64_rhel5/texmf-dist/tex/latex/graphics/lsca
pe.sty
Package: lscape 2000/10/22 v3.01 Landscape Pages (DPC)
)
(/afs/cs.wisc.edu/s/texlive-2011/amd64_rhel5/texmf-dist/tex/latex/mh/mathtools.
sty
Package: mathtools 2011/04/06 v1.11 mathematical typesetting tools

(/afs/cs.wisc.edu/s/texlive-2011/amd64_rhel5/texmf-dist/tex/latex/tools/calc.st
y
Package: calc 2007/08/22 v4.3 Infix arithmetic (KKT,FJ)
\calc@Acount=\count104
\calc@Bcount=\count105
\calc@Adimen=\dimen122
\calc@Bdimen=\dimen123
\calc@Askip=\skip59
\calc@Bskip=\skip60
LaTeX Info: Redefining \setlength on input line 76.
LaTeX Info: Redefining \addtolength on input line 77.
\calc@Ccount=\count106
\calc@Cskip=\skip61
)
(/afs/cs.wisc.edu/s/texlive-2011/amd64_rhel5/texmf-dist/tex/latex/mh/mhsetup.st
y
Package: mhsetup 2010/01/21 v1.2a programming setup (MH)
)
\g_MT_multlinerow_int=\count107
\l_MT_multwidth_dim=\dimen124
\origjot=\skip62
\l_MT_shortvdotswithinadjustabove_dim=\dimen125
\l_MT_shortvdotswithinadjustbelow_dim=\dimen126
)
(/afs/cs.wisc.edu/s/texlive-2011/amd64_rhel5/texmf-dist/tex/latex/pdfpages/pdfp
ages.sty
Package: pdfpages 2011/07/31 v0.4p Insert pages of external PDF documents (AM)

(/afs/cs.wisc.edu/s/texlive-2011/amd64_rhel5/texmf-dist/tex/latex/base/ifthen.s
ty
Package: ifthen 2001/05/26 v1.1c Standard LaTeX ifthen package (DPC)
)
(/afs/cs.wisc.edu/s/texlive-2011/amd64_rhel5/texmf-dist/tex/latex/eso-pic/eso-p
ic.sty
Package: eso-pic 2010/10/06 v2.0c eso-pic (RN)

(/afs/cs.wisc.edu/s/texlive-2011/amd64_rhel5/texmf-dist/tex/generic/oberdiek/at
begshi.sty
Package: atbegshi 2011/01/30 v1.15 At begin shipout hook (HO)
)
(/afs/cs.wisc.edu/s/texlive-2011/amd64_rhel5/texmf-dist/tex/latex/xcolor/xcolor
.sty
Package: xcolor 2007/01/21 v2.11 LaTeX color extensions (UK)

(/afs/cs.wisc.edu/s/texlive-2011/amd64_rhel5/texmf-dist/tex/latex/latexconfig/c
olor.cfg
File: color.cfg 2007/01/18 v1.5 color configuration of teTeX/TeXLive
)
Package xcolor Info: Driver file: pdftex.def on input line 225.
Package xcolor Info: Model `cmy' substituted by `cmy0' on input line 1337.
Package xcolor Info: Model `hsb' substituted by `rgb' on input line 1341.
Package xcolor Info: Model `RGB' extended on input line 1353.
Package xcolor Info: Model `HTML' substituted by `rgb' on input line 1355.
Package xcolor Info: Model `Hsb' substituted by `hsb' on input line 1356.
Package xcolor Info: Model `tHsb' substituted by `hsb' on input line 1357.
Package xcolor Info: Model `HSB' substituted by `hsb' on input line 1358.
Package xcolor Info: Model `Gray' substituted by `gray' on input line 1359.
Package xcolor Info: Model `wave' substituted by `hsb' on input line 1360.
))
(/afs/cs.wisc.edu/s/texlive-2011/amd64_rhel5/texmf-dist/tex/latex/pdfpages/pppd
ftex.def
File: pppdftex.def 2011/07/31 v0.4p Pdfpages driver for pdfTeX (AM)
)
\AM@pagebox=\box30
\AM@toc@title=\toks30
\c@AM@survey=\count108
\AM@templatesizebox=\box31
)
(/afs/cs.wisc.edu/s/texlive-2011/amd64_rhel5/texmf-dist/tex/latex/tools/verbati
m.sty
Package: verbatim 2003/08/22 v1.5q LaTeX2e package for verbatim enhancements
\every@verbatim=\toks31
\verbatim@line=\toks32
\verbatim@in@stream=\read1
)
(/afs/cs.wisc.edu/s/texlive-2011/amd64_rhel5/texmf-dist/tex/latex/wrapfig/wrapf
ig.sty
\wrapoverhang=\dimen127
\WF@size=\dimen128
\c@WF@wrappedlines=\count109
\WF@box=\box32
\WF@everypar=\toks33
Package: wrapfig 2003/01/31  v 3.6
)
(/afs/cs.wisc.edu/s/texlive-2011/amd64_rhel5/texmf-dist/tex/latex/xargs/xargs.s
ty
Package: xargs 2008/03/22 v1.1  extended macro definitions  (mpg)

(/afs/cs.wisc.edu/s/texlive-2011/amd64_rhel5/texmf-dist/tex/latex/xkeyval/xkeyv
al.sty
Package: xkeyval 2008/08/13 v2.6a package option processing (HA)

(/afs/cs.wisc.edu/s/texlive-2011/amd64_rhel5/texmf-dist/tex/generic/xkeyval/xke
yval.tex
\XKV@toks=\toks34
\XKV@tempa@toks=\toks35
\XKV@depth=\count110
File: xkeyval.tex 2008/08/13 v2.6a key=value parser (HA)
))
\xargs@max=\count111
\xargs@toksa=\toks36
\xargs@toksb=\toks37
) (/usr/share/R/texmf/tex/latex/Sweave.sty
Package: Sweave 

(/afs/cs.wisc.edu/s/texlive-2011/amd64_rhel5/texmf-dist/tex/latex/fancyvrb/fanc
yvrb.sty
Package: fancyvrb 2008/02/07

Style option: `fancyvrb' v2.7a, with DG/SPQR fixes, and firstline=lastline fix 
<2008/02/07> (tvz)
\FV@CodeLineNo=\count112
\FV@InFile=\read2
\FV@TabBox=\box33
\c@FancyVerbLine=\count113
\FV@StepNumber=\count114
\FV@OutFile=\write3
)
(/afs/cs.wisc.edu/s/texlive-2011/amd64_rhel5/texmf-dist/tex/latex/base/textcomp
.sty
Package: textcomp 2005/09/27 v1.99g Standard LaTeX package
Package textcomp Info: Sub-encoding information:
(textcomp)               5 = only ISO-Adobe without \textcurrency
(textcomp)               4 = 5 + \texteuro
(textcomp)               3 = 4 + \textohm
(textcomp)               2 = 3 + \textestimated + \textcurrency
(textcomp)               1 = TS1 - \textcircled - \t
(textcomp)               0 = TS1 (full)
(textcomp)             Font families with sub-encoding setting implement
(textcomp)             only a restricted character set as indicated.
(textcomp)             Family '?' is the default used for unknown fonts.
(textcomp)             See the documentation for details.
Package textcomp Info: Setting ? sub-encoding to TS1/1 on input line 71.

(/afs/cs.wisc.edu/s/texlive-2011/amd64_rhel5/texmf-dist/tex/latex/base/ts1enc.d
ef
File: ts1enc.def 2001/06/05 v3.0e (jk/car/fm) Standard LaTeX file
)
LaTeX Info: Redefining \oldstylenums on input line 266.
Package textcomp Info: Setting cmr sub-encoding to TS1/0 on input line 281.
Package textcomp Info: Setting cmss sub-encoding to TS1/0 on input line 282.
Package textcomp Info: Setting cmtt sub-encoding to TS1/0 on input line 283.
Package textcomp Info: Setting cmvtt sub-encoding to TS1/0 on input line 284.
Package textcomp Info: Setting cmbr sub-encoding to TS1/0 on input line 285.
Package textcomp Info: Setting cmtl sub-encoding to TS1/0 on input line 286.
Package textcomp Info: Setting ccr sub-encoding to TS1/0 on input line 287.
Package textcomp Info: Setting ptm sub-encoding to TS1/4 on input line 288.
Package textcomp Info: Setting pcr sub-encoding to TS1/4 on input line 289.
Package textcomp Info: Setting phv sub-encoding to TS1/4 on input line 290.
Package textcomp Info: Setting ppl sub-encoding to TS1/3 on input line 291.
Package textcomp Info: Setting pag sub-encoding to TS1/4 on input line 292.
Package textcomp Info: Setting pbk sub-encoding to TS1/4 on input line 293.
Package textcomp Info: Setting pnc sub-encoding to TS1/4 on input line 294.
Package textcomp Info: Setting pzc sub-encoding to TS1/4 on input line 295.
Package textcomp Info: Setting bch sub-encoding to TS1/4 on input line 296.
Package textcomp Info: Setting put sub-encoding to TS1/5 on input line 297.
Package textcomp Info: Setting uag sub-encoding to TS1/5 on input line 298.
Package textcomp Info: Setting ugq sub-encoding to TS1/5 on input line 299.
Package textcomp Info: Setting ul8 sub-encoding to TS1/4 on input line 300.
Package textcomp Info: Setting ul9 sub-encoding to TS1/4 on input line 301.
Package textcomp Info: Setting augie sub-encoding to TS1/5 on input line 302.
Package textcomp Info: Setting dayrom sub-encoding to TS1/3 on input line 303.
Package textcomp Info: Setting dayroms sub-encoding to TS1/3 on input line 304.

Package textcomp Info: Setting pxr sub-encoding to TS1/0 on input line 305.
Package textcomp Info: Setting pxss sub-encoding to TS1/0 on input line 306.
Package textcomp Info: Setting pxtt sub-encoding to TS1/0 on input line 307.
Package textcomp Info: Setting txr sub-encoding to TS1/0 on input line 308.
Package textcomp Info: Setting txss sub-encoding to TS1/0 on input line 309.
Package textcomp Info: Setting txtt sub-encoding to TS1/0 on input line 310.
Package textcomp Info: Setting lmr sub-encoding to TS1/0 on input line 311.
Package textcomp Info: Setting lmdh sub-encoding to TS1/0 on input line 312.
Package textcomp Info: Setting lmss sub-encoding to TS1/0 on input line 313.
Package textcomp Info: Setting lmssq sub-encoding to TS1/0 on input line 314.
Package textcomp Info: Setting lmvtt sub-encoding to TS1/0 on input line 315.
Package textcomp Info: Setting qhv sub-encoding to TS1/0 on input line 316.
Package textcomp Info: Setting qag sub-encoding to TS1/0 on input line 317.
Package textcomp Info: Setting qbk sub-encoding to TS1/0 on input line 318.
Package textcomp Info: Setting qcr sub-encoding to TS1/0 on input line 319.
Package textcomp Info: Setting qcs sub-encoding to TS1/0 on input line 320.
Package textcomp Info: Setting qpl sub-encoding to TS1/0 on input line 321.
Package textcomp Info: Setting qtm sub-encoding to TS1/0 on input line 322.
Package textcomp Info: Setting qzc sub-encoding to TS1/0 on input line 323.
Package textcomp Info: Setting qhvc sub-encoding to TS1/0 on input line 324.
Package textcomp Info: Setting futs sub-encoding to TS1/4 on input line 325.
Package textcomp Info: Setting futx sub-encoding to TS1/4 on input line 326.
Package textcomp Info: Setting futj sub-encoding to TS1/4 on input line 327.
Package textcomp Info: Setting hlh sub-encoding to TS1/3 on input line 328.
Package textcomp Info: Setting hls sub-encoding to TS1/3 on input line 329.
Package textcomp Info: Setting hlst sub-encoding to TS1/3 on input line 330.
Package textcomp Info: Setting hlct sub-encoding to TS1/5 on input line 331.
Package textcomp Info: Setting hlx sub-encoding to TS1/5 on input line 332.
Package textcomp Info: Setting hlce sub-encoding to TS1/5 on input line 333.
Package textcomp Info: Setting hlcn sub-encoding to TS1/5 on input line 334.
Package textcomp Info: Setting hlcw sub-encoding to TS1/5 on input line 335.
Package textcomp Info: Setting hlcf sub-encoding to TS1/5 on input line 336.
Package textcomp Info: Setting pplx sub-encoding to TS1/3 on input line 337.
Package textcomp Info: Setting pplj sub-encoding to TS1/3 on input line 338.
Package textcomp Info: Setting ptmx sub-encoding to TS1/4 on input line 339.
Package textcomp Info: Setting ptmj sub-encoding to TS1/4 on input line 340.
)
(/afs/cs.wisc.edu/s/texlive-2011/amd64_rhel5/texmf-dist/tex/latex/base/fontenc.
sty
Package: fontenc 2005/09/27 v1.99g Standard LaTeX package

(/afs/cs.wisc.edu/s/texlive-2011/amd64_rhel5/texmf-dist/tex/latex/base/t1enc.de
f
File: t1enc.def 2005/09/27 v1.99g Standard LaTeX file
LaTeX Font Info:    Redeclaring font encoding T1 on input line 43.
)) (/afs/cs.wisc.edu/s/texlive-2011/amd64_rhel5/texmf-dist/tex/latex/ae/ae.sty
Package: ae 2001/02/12 1.3 Almost European Computer Modern

(/afs/cs.wisc.edu/s/texlive-2011/amd64_rhel5/texmf-dist/tex/latex/base/fontenc.
sty
Package: fontenc 2005/09/27 v1.99g Standard LaTeX package

(/afs/cs.wisc.edu/s/texlive-2011/amd64_rhel5/texmf-dist/tex/latex/base/t1enc.de
f
File: t1enc.def 2005/09/27 v1.99g Standard LaTeX file
LaTeX Font Info:    Redeclaring font encoding T1 on input line 43.
)
LaTeX Font Info:    Try loading font information for T1+aer on input line 100.

(/afs/cs.wisc.edu/s/texlive-2011/amd64_rhel5/texmf-dist/tex/latex/ae/t1aer.fd
File: t1aer.fd 1997/11/16 Font definitions for T1/aer.
))))

LaTeX Warning: Unused global option(s):
    [14pt].

(./forMeeting_2014-03-14.aux)
\openout1 = `forMeeting_2014-03-14.aux'.

LaTeX Font Info:    Checking defaults for OML/cmm/m/it on input line 54.
LaTeX Font Info:    ... okay on input line 54.
LaTeX Font Info:    Checking defaults for T1/cmr/m/n on input line 54.
LaTeX Font Info:    ... okay on input line 54.
LaTeX Font Info:    Checking defaults for OT1/cmr/m/n on input line 54.
LaTeX Font Info:    ... okay on input line 54.
LaTeX Font Info:    Checking defaults for OMS/cmsy/m/n on input line 54.
LaTeX Font Info:    ... okay on input line 54.
LaTeX Font Info:    Checking defaults for OMX/cmex/m/n on input line 54.
LaTeX Font Info:    ... okay on input line 54.
LaTeX Font Info:    Checking defaults for U/cmr/m/n on input line 54.
LaTeX Font Info:    ... okay on input line 54.
LaTeX Font Info:    Checking defaults for TS1/cmr/m/n on input line 54.
LaTeX Font Info:    Try loading font information for TS1+cmr on input line 54.

(/afs/cs.wisc.edu/s/texlive-2011/amd64_rhel5/texmf-dist/tex/latex/base/ts1cmr.f
d
File: ts1cmr.fd 1999/05/25 v2.5h Standard LaTeX font definitions
)
LaTeX Font Info:    ... okay on input line 54.

*geometry* driver: auto-detecting
*geometry* detected driver: pdftex
*geometry* verbose mode - [ preamble ] result:
* driver: pdftex
* paper: <default>
* layout: <same size as paper>
* layoutoffset:(h,v)=(0.0pt,0.0pt)
* modes: 
* h-part:(L,W,R)=(56.9055pt, 500.484pt, 56.9055pt)
* v-part:(T,H,B)=(56.9055pt, 681.15898pt, 56.9055pt)
* \paperwidth=614.295pt
* \paperheight=794.96999pt
* \textwidth=500.484pt
* \textheight=681.15898pt
* \oddsidemargin=-15.36449pt
* \evensidemargin=-15.36449pt
* \topmargin=-15.36449pt
* \headheight=0.0pt
* \headsep=0.0pt
* \topskip=10.0pt
* \footskip=30.0pt
* \marginparwidth=65.0pt
* \marginparsep=11.0pt
* \columnsep=10.0pt
* \skip\footins=9.0pt plus 4.0pt minus 2.0pt
* \hoffset=0.0pt
* \voffset=0.0pt
* \mag=1000
* \@twocolumnfalse
* \@twosidefalse
* \@mparswitchfalse
* \@reversemarginfalse
* (1in=72.27pt=25.4mm, 1cm=28.453pt)


(/afs/cs.wisc.edu/s/texlive-2011/amd64_rhel5/texmf-dist/tex/context/base/supp-p
df.mkii
[Loading MPS to PDF converter (version 2006.09.02).]
\scratchcounter=\count115
\scratchdimen=\dimen129
\scratchbox=\box34
\nofMPsegments=\count116
\nofMParguments=\count117
\everyMPshowfont=\toks38
\MPscratchCnt=\count118
\MPscratchDim=\dimen130
\MPnumerator=\count119
\makeMPintoPDFobject=\count120
\everyMPtoPDFconversion=\toks39
)
(/afs/cs.wisc.edu/s/texlive-2011/amd64_rhel5/texmf-dist/tex/generic/oberdiek/pd
ftexcmds.sty
Package: pdftexcmds 2011/04/22 v0.16 Utilities of pdfTeX for LuaTeX (HO)

(/afs/cs.wisc.edu/s/texlive-2011/amd64_rhel5/texmf-dist/tex/generic/oberdiek/if
luatex.sty
Package: ifluatex 2010/03/01 v1.3 Provides the ifluatex switch (HO)
Package ifluatex Info: LuaTeX not detected.
)
Package pdftexcmds Info: LuaTeX not detected.
Package pdftexcmds Info: \pdf@primitive is available.
Package pdftexcmds Info: \pdf@ifprimitive is available.
Package pdftexcmds Info: \pdfdraftmode found.
)
(/afs/cs.wisc.edu/s/texlive-2011/amd64_rhel5/texmf-dist/tex/latex/oberdiek/epst
opdf-base.sty
Package: epstopdf-base 2010/02/09 v2.5 Base part for package epstopdf

(/afs/cs.wisc.edu/s/texlive-2011/amd64_rhel5/texmf-dist/tex/latex/oberdiek/grfe
xt.sty
Package: grfext 2010/08/19 v1.1 Managing graphics extensions (HO)

(/afs/cs.wisc.edu/s/texlive-2011/amd64_rhel5/texmf-dist/tex/generic/oberdiek/kv
definekeys.sty
Package: kvdefinekeys 2011/04/07 v1.3 Defining keys (HO)
))
(/afs/cs.wisc.edu/s/texlive-2011/amd64_rhel5/texmf-dist/tex/latex/oberdiek/kvop
tions.sty
Package: kvoptions 2010/12/23 v3.10 Keyval support for LaTeX options (HO)

(/afs/cs.wisc.edu/s/texlive-2011/amd64_rhel5/texmf-dist/tex/generic/oberdiek/kv
setkeys.sty
Package: kvsetkeys 2011/04/07 v1.13 Key value parser (HO)

(/afs/cs.wisc.edu/s/texlive-2011/amd64_rhel5/texmf-dist/tex/generic/oberdiek/et
excmds.sty
Package: etexcmds 2011/02/16 v1.5 Prefix for e-TeX command names (HO)
Package etexcmds Info: Could not find \expanded.
(etexcmds)             That can mean that you are not using pdfTeX 1.50 or
(etexcmds)             that some package has redefined \expanded.
(etexcmds)             In the latter case, load this package earlier.
)))
Package grfext Info: Graphics extension search list:
(grfext)             [.pdf,.png,.jpg,.jpeg,.eps]
(grfext)             \AppendGraphicsExtensions on input line 452.

(/afs/cs.wisc.edu/s/texlive-2011/amd64_rhel5/texmf-dist/tex/latex/latexconfig/e
pstopdf-sys.cfg
File: epstopdf-sys.cfg 2010/07/13 v1.3 Configuration of (r)epstopdf for TeX Liv
e
))
\AtBeginShipoutBox=\box35
 (./forMeeting_2014-03-14-concordance.tex)
LaTeX Font Info:    Try loading font information for U+msa on input line 62.

(/afs/cs.wisc.edu/s/texlive-2011/amd64_rhel5/texmf-dist/tex/latex/amsfonts/umsa
.fd
File: umsa.fd 2009/06/22 v3.00 AMS symbols A
)
LaTeX Font Info:    Try loading font information for U+msb on input line 62.

(/afs/cs.wisc.edu/s/texlive-2011/amd64_rhel5/texmf-dist/tex/latex/amsfonts/umsb
.fd
File: umsb.fd 2009/06/22 v3.00 AMS symbols B
)
LaTeX Font Info:    Try loading font information for TS1+aer on input line 67.
 (/usr/share/R/texmf/tex/latex/ts1aer.fd
File: ts1aer.fd 
)
LaTeX Font Info:    Font shape `TS1/aer/m/n' in size <10> not available
(Font)              Font shape `TS1/cmr/m/n' tried instead on input line 67.

Overfull \hbox (30.45581pt too wide) in paragraph at lines 98--105
 [][] 
 []

[1

{/afs/cs.wisc.edu/s/texlive-2011/amd64_rhel5/texmf-var/fonts/map/pdftex/updmap/
pdftex.map}] (./forMeeting_2014-03-14.aux) ) 
Here is how much of TeX's memory you used:
 6355 strings out of 493629
 92361 string characters out of 3134964
 173862 words of memory out of 3000000
 9479 multiletter control sequences out of 15000+200000
 24958 words of font info for 67 fonts, out of 3000000 for 9000
 831 hyphenation exceptions out of 8191
 38i,8n,43p,258b,210s stack positions out of 5000i,500n,10000p,200000b,50000s
{/afs/cs.wisc.edu/s/texlive-2011/am
d64_rhel5/texmf-dist/fonts/enc/dvips/cm-super/cm-super-ts1.enc}</afs/cs.wisc.ed
u/s/texlive-2011/amd64_rhel5/texmf-dist/fonts/type1/public/amsfonts/cm/cmbx12.p
fb></afs/cs.wisc.edu/s/texlive-2011/amd64_rhel5/texmf-dist/fonts/type1/public/a
msfonts/cm/cmr10.pfb></afs/cs.wisc.edu/s/texlive-2011/amd64_rhel5/texmf-dist/fo
nts/type1/public/amsfonts/cm/cmr12.pfb></afs/cs.wisc.edu/s/texlive-2011/amd64_r
hel5/texmf-dist/fonts/type1/public/amsfonts/cm/cmr17.pfb></afs/cs.wisc.edu/s/te
xlive-2011/amd64_rhel5/texmf-dist/fonts/type1/public/cm-super/sfrm1000.pfb>
Output written on forMeeting_2014-03-14.pdf (1 page, 61930 bytes).
PDF statistics:
 30 PDF objects out of 1000 (max. 8388607)
 20 compressed objects within 1 object stream
 0 named destinations out of 1000 (max. 500000)
 5 words of extra memory for PDF output out of 10000 (max. 10000000)

